<?xml version="1.0" encoding="UTF-8"?>
<!-- Generated by org.testng.reporters.JUnitXMLReporter -->
<testsuite hostname="L-156053666" name="Nopackage" tests="3" failures="0" timestamp="17 Apr 2018 21:41:08 GMT" time="101.351" errors="0">
  <testcase name="runtest" time="29.969" classname="mobileTest.basicTC_1"/>
  <testcase name="TC1_001" time="35.983" classname="mobileTest.TouchPressMoveTC_2"/>
  <testcase name="TC001" time="35.383" classname="mobileTest.DrugAndDropTC_3"/>
</testsuite> <!-- Nopackage -->
