<?xml version="1.0" encoding="UTF-8"?>
<testng-results skipped="0" failed="0" total="1" passed="1">
  <reporter-output>
  </reporter-output>
  <suite name="Suite1" duration-ms="87782" started-at="2018-01-14T21:51:38Z" finished-at="2018-01-14T21:53:06Z">
    <groups>
    </groups>
    <test name="Nopackage" duration-ms="87782" started-at="2018-01-14T21:51:38Z" finished-at="2018-01-14T21:53:06Z">
      <class name="mobileTest.basic">
        <test-method status="PASS" signature="runtest()[pri:0, instance:mobileTest.basic@ff5b51f]" name="runtest" duration-ms="87675" started-at="2018-01-14T16:51:38Z" finished-at="2018-01-14T16:53:06Z">
          <reporter-output>
          </reporter-output>
        </test-method> <!-- runtest -->
      </class> <!-- mobileTest.basic -->
    </test> <!-- Nopackage -->
  </suite> <!-- Suite1 -->
</testng-results>
